\BOOKMARK [0][-]{chapter.1}{1 Setup}{}% 1
\BOOKMARK [0][-]{chapter.2}{2 Project Contextualization}{}% 2
\BOOKMARK [1][-]{section.2.1}{2.1 Project Specification}{chapter.2}% 3
\BOOKMARK [2][-]{subsection.2.1.1}{2.1.1 Motivations}{section.2.1}% 4
\BOOKMARK [2][-]{subsection.2.1.2}{2.1.2 Requirements}{section.2.1}% 5
\BOOKMARK [1][-]{section.2.2}{2.2 Strategy}{chapter.2}% 6
\BOOKMARK [2][-]{subsection.2.2.1}{2.2.1 Different periods}{section.2.2}% 7
\BOOKMARK [2][-]{subsection.2.2.2}{2.2.2 Different aspects}{section.2.2}% 8
\BOOKMARK [0][-]{chapter.3}{3 State of the art}{}% 9
\BOOKMARK [1][-]{section.3.1}{3.1 Building an electric car}{chapter.3}% 10
\BOOKMARK [1][-]{section.3.2}{3.2 Tracking}{chapter.3}% 11
\BOOKMARK [1][-]{section.3.3}{3.3 Using ROS}{chapter.3}% 12
\BOOKMARK [0][-]{chapter.4}{4 Hardware}{}% 13
\BOOKMARK [1][-]{section.4.1}{4.1 Hardware architecture}{chapter.4}% 14
\BOOKMARK [1][-]{section.4.2}{4.2 Low speed control}{chapter.4}% 15
\BOOKMARK [2][-]{subsection.4.2.1}{4.2.1 Motor}{section.4.2}% 16
\BOOKMARK [2][-]{subsection.4.2.2}{4.2.2 Motor Controller}{section.4.2}% 17
\BOOKMARK [1][-]{section.4.3}{4.3 Power consumption}{chapter.4}% 18
\BOOKMARK [2][-]{subsection.4.3.1}{4.3.1 How many?}{section.4.3}% 19
\BOOKMARK [2][-]{subsection.4.3.2}{4.3.2 Which one?}{section.4.3}% 20
\BOOKMARK [1][-]{section.4.4}{4.4 Remote control and processing}{chapter.4}% 21
\BOOKMARK [1][-]{section.4.5}{4.5 Performances of the embedded computer}{chapter.4}% 22
\BOOKMARK [1][-]{section.4.6}{4.6 Unit Tests}{chapter.4}% 23
\BOOKMARK [0][-]{chapter.5}{5 Software}{}% 24
\BOOKMARK [1][-]{section.5.1}{5.1 Tracking}{chapter.5}% 25
\BOOKMARK [1][-]{section.5.2}{5.2 ROS}{chapter.5}% 26
\BOOKMARK [0][-]{section*.3}{Bibliography}{}% 27
